41717
1674147942718
1674147944718
warning: only one CPU, which may conceal locking bugs
Test (2A): initial election ...
  ... Passed --   3.1  3   62   17036    0
Test (2A): election after network failure ...
1 false [false true false]
  ... Passed --   4.5  3  124   24366    0
Test (2A): multiple elections ...
  ... Passed --   7.0  7  882  161600    0
Test (2B): basic agreement ...
  ... Passed --   0.6  3   20    5398    3
Test (2B): RPC byte count ...
  ... Passed --   1.1  3   58  116814   11
Test (2B): agreement after follower reconnects ...
  ... Passed --   3.3  3   94   24695    7
Test (2B): no agreement if too many followers disconnect ...
  ... Passed --   3.5  5  408   91146    3
Test (2B): concurrent Start()s ...
  ... Passed --   0.7  3   14    3698    6
Test (2B): rejoin of partitioned leader ...
  ... Passed --   6.1  3  248   60318    4
Test (2B): leader backs up quickly over incorrect follower logs ...
  ... Passed --  14.4  5 3080 2668412  102
Test (2B): RPC counts aren't too high ...
  ... Passed --   2.1  3   44   12562   12
Test (2C): basic persistence ...
  ... Passed --   3.7  3   94   23548    6
Test (2C): more persistence ...
  ... Passed --  15.4  5 1040  226074   16
Test (2C): partitioned leader and one follower crash, leader restarts ...
  ... Passed --   1.5  3   40    9882    4
Test (2C): Figure 8 ...
  ... Passed --  23.1  5  612  102334    6
Test (2C): unreliable agreement ...
  ... Passed --   4.1  5  524  163384  246
Test (2C): Figure 8 (unreliable) ...
  ... Passed --  35.7  5 6860 39082914  920
Test (2C): churn ...
  ... Passed --  16.1  5 2220 1797203  327
Test (2C): unreliable churn ...
  ... Passed --  16.2  5 2244 1475258  288
Test (2D): snapshots basic ...
  ... Passed --   3.1  3  162   56018  221
Test (2D): install snapshots (disconnect) ...
  ... Passed --  38.3  3 1204  432160  338
Test (2D): install snapshots (disconnect+unreliable) ...
  ... Passed --  44.5  3 1414  498989  324
Test (2D): install snapshots (crash) ...
  ... Passed --  28.0  3  824  319347  290
Test (2D): install snapshots (unreliable+crash) ...
  ... Passed --  33.1  3  984  372390  296
Test (2D): crash and restart all servers ...
  ... Passed --   7.3  3  382  111534   74
PASS
ok  	6.824/raft	319.522s
